2025-10-20 01:20:28,234 - aqt.main - INFO - installer 139860389124992 aqtinstall(aqt) v3.1.21 on Python 3.12.12 [CPython GCC 13.3.0]
2025-10-20 01:20:28,500 - aqt.main - INFO - installer 140076371204992 aqtinstall(aqt) v3.1.21 on Python 3.12.12 [CPython GCC 13.3.0]
2025-10-20 01:20:28,500 - aqt.helper - DEBUG - helper 140076371204992 Attempt to download checksum at https://download.qt.io/online/qtsdkrepository/linux_x64/desktop/qt6_683/qt6_683/Updates.xml.sha256
2025-10-20 01:20:30,277 - aqt.helper - DEBUG - helper 140076371204992 Attempt to download checksum at https://download.qt.io/online/qtsdkrepository/linux_x64/extensions/qtwebengine/683/x86_64/Updates.xml.sha256
2025-10-20 01:20:31,846 - aqt.archives - INFO - archives 140076371204992 Found extension qtwebengine
2025-10-20 01:20:31,846 - aqt.helper - DEBUG - helper 140076371204992 Attempt to download checksum at https://download.qt.io/online/qtsdkrepository/linux_x64/extensions/qtpdf/683/x86_64/Updates.xml.sha256
2025-10-20 01:20:33,470 - aqt.archives - INFO - archives 140076371204992 Found extension qtpdf
2025-10-20 01:20:34,026 - aqt.helper - DEBUG - helper 140512510876544 Attempt to download checksum at https://download.qt.io/online/qtsdkrepository/linux_x64/desktop/qt6_683/qt6_683/qt.qt6.683.linux_gcc_64/6.8.3-0-202503201345qtbase-Linux-RHEL_8_10-GCC-Linux-RHEL_8_10-X86_64.7z.sha256
2025-10-20 01:20:34,028 - aqt.helper - DEBUG - helper 139762779290496 Attempt to download checksum at https://download.qt.io/online/qtsdkrepository/linux_x64/desktop/qt6_683/qt6_683/qt.qt6.683.linux_gcc_64/6.8.3-0-202503201345qtsvg-Linux-RHEL_8_10-GCC-Linux-RHEL_8_10-X86_64.7z.sha256
2025-10-20 01:20:34,032 - aqt.helper - DEBUG - helper 140106288651136 Attempt to download checksum at https://download.qt.io/online/qtsdkrepository/linux_x64/desktop/qt6_683/qt6_683/qt.qt6.683.linux_gcc_64/6.8.3-0-202503201345qtdeclarative-Linux-RHEL_8_10-GCC-Linux-RHEL_8_10-X86_64.7z.sha256
2025-10-20 01:20:34,034 - aqt.helper - DEBUG - helper 139823325858688 Attempt to download checksum at https://download.qt.io/online/qtsdkrepository/linux_x64/desktop/qt6_683/qt6_683/qt.qt6.683.linux_gcc_64/6.8.3-0-202503201345qttools-Linux-RHEL_8_10-GCC-Linux-RHEL_8_10-X86_64.7z.sha256
2025-10-20 01:20:34,845 - aqt.helper - INFO - helper 139762779290496 Downloading qtsvg...
2025-10-20 01:20:34,846 - aqt.installer - DEBUG - installer 139762779290496 Download URL: https://download.qt.io/online/qtsdkrepository/linux_x64/desktop/qt6_683/qt6_683/qt.qt6.683.linux_gcc_64/6.8.3-0-202503201345qtsvg-Linux-RHEL_8_10-GCC-Linux-RHEL_8_10-X86_64.7z
2025-10-20 01:20:34,878 - aqt.helper - INFO - helper 140512510876544 Downloading qtbase...
2025-10-20 01:20:34,879 - aqt.installer - DEBUG - installer 140512510876544 Download URL: https://download.qt.io/online/qtsdkrepository/linux_x64/desktop/qt6_683/qt6_683/qt.qt6.683.linux_gcc_64/6.8.3-0-202503201345qtbase-Linux-RHEL_8_10-GCC-Linux-RHEL_8_10-X86_64.7z
2025-10-20 01:20:34,916 - aqt.helper - INFO - helper 139823325858688 Downloading qttools...
2025-10-20 01:20:34,916 - aqt.installer - DEBUG - installer 139823325858688 Download URL: https://download.qt.io/online/qtsdkrepository/linux_x64/desktop/qt6_683/qt6_683/qt.qt6.683.linux_gcc_64/6.8.3-0-202503201345qttools-Linux-RHEL_8_10-GCC-Linux-RHEL_8_10-X86_64.7z
2025-10-20 01:20:34,919 - aqt.helper - INFO - helper 140106288651136 Downloading qtdeclarative...
2025-10-20 01:20:34,919 - aqt.installer - DEBUG - installer 140106288651136 Download URL: https://download.qt.io/online/qtsdkrepository/linux_x64/desktop/qt6_683/qt6_683/qt.qt6.683.linux_gcc_64/6.8.3-0-202503201345qtdeclarative-Linux-RHEL_8_10-GCC-Linux-RHEL_8_10-X86_64.7z
2025-10-20 01:20:35,504 - aqt.helper - DEBUG - helper 139762779290496 Asked to redirect(302) to: https://qt.mirror.constant.com/online/qtsdkrepository/linux_x64/desktop/qt6_683/qt6_683/qt.qt6.683.linux_gcc_64/6.8.3-0-202503201345qtsvg-Linux-RHEL_8_10-GCC-Linux-RHEL_8_10-X86_64.7z
2025-10-20 01:20:35,504 - aqt.helper - INFO - helper 139762779290496 Redirected: qt.mirror.constant.com
2025-10-20 01:20:35,605 - aqt.helper - DEBUG - helper 140512510876544 Asked to redirect(302) to: https://qt.mirror.constant.com/online/qtsdkrepository/linux_x64/desktop/qt6_683/qt6_683/qt.qt6.683.linux_gcc_64/6.8.3-0-202503201345qtbase-Linux-RHEL_8_10-GCC-Linux-RHEL_8_10-X86_64.7z
2025-10-20 01:20:35,605 - aqt.helper - INFO - helper 140512510876544 Redirected: qt.mirror.constant.com
2025-10-20 01:20:35,731 - aqt.helper - DEBUG - helper 139823325858688 Asked to redirect(302) to: https://qt.mirror.constant.com/online/qtsdkrepository/linux_x64/desktop/qt6_683/qt6_683/qt.qt6.683.linux_gcc_64/6.8.3-0-202503201345qttools-Linux-RHEL_8_10-GCC-Linux-RHEL_8_10-X86_64.7z
2025-10-20 01:20:35,731 - aqt.helper - INFO - helper 139823325858688 Redirected: qt.mirror.constant.com
2025-10-20 01:20:35,731 - aqt.helper - DEBUG - helper 140106288651136 Asked to redirect(302) to: https://qt.mirror.constant.com/online/qtsdkrepository/linux_x64/desktop/qt6_683/qt6_683/qt.qt6.683.linux_gcc_64/6.8.3-0-202503201345qtdeclarative-Linux-RHEL_8_10-GCC-Linux-RHEL_8_10-X86_64.7z
2025-10-20 01:20:35,731 - aqt.helper - INFO - helper 140106288651136 Redirected: qt.mirror.constant.com
2025-10-20 01:20:36,277 - aqt.installer - INFO - installer 139762779290496 Finished installation of qtsvg-Linux-RHEL_8_10-GCC-Linux-RHEL_8_10-X86_64.7z in 2.25113610
2025-10-20 01:20:36,287 - aqt.helper - DEBUG - helper 139762779290496 Attempt to download checksum at https://download.qt.io/online/qtsdkrepository/linux_x64/desktop/qt6_683/qt6_683/qt.qt6.683.linux_gcc_64/6.8.3-0-202503201345qttranslations-Linux-RHEL_8_10-GCC-Linux-RHEL_8_10-X86_64.7z.sha256
2025-10-20 01:20:36,950 - aqt.helper - INFO - helper 139762779290496 Downloading qttranslations...
2025-10-20 01:20:36,951 - aqt.installer - DEBUG - installer 139762779290496 Download URL: https://download.qt.io/online/qtsdkrepository/linux_x64/desktop/qt6_683/qt6_683/qt.qt6.683.linux_gcc_64/6.8.3-0-202503201345qttranslations-Linux-RHEL_8_10-GCC-Linux-RHEL_8_10-X86_64.7z
2025-10-20 01:20:37,631 - aqt.helper - DEBUG - helper 139762779290496 Asked to redirect(302) to: https://qt.mirror.constant.com/online/qtsdkrepository/linux_x64/desktop/qt6_683/qt6_683/qt.qt6.683.linux_gcc_64/6.8.3-0-202503201345qttranslations-Linux-RHEL_8_10-GCC-Linux-RHEL_8_10-X86_64.7z
2025-10-20 01:20:37,632 - aqt.helper - INFO - helper 139762779290496 Redirected: qt.mirror.constant.com
2025-10-20 01:20:38,765 - aqt.installer - INFO - installer 139762779290496 Finished installation of qttranslations-Linux-RHEL_8_10-GCC-Linux-RHEL_8_10-X86_64.7z in 2.47888824
2025-10-20 01:20:38,779 - aqt.helper - DEBUG - helper 139762779290496 Attempt to download checksum at https://download.qt.io/online/qtsdkrepository/linux_x64/desktop/qt6_683/qt6_683/qt.qt6.683.linux_gcc_64/6.8.3-0-202503201345qtwayland-Linux-RHEL_8_10-GCC-Linux-RHEL_8_10-X86_64.7z.sha256
2025-10-20 01:20:39,457 - aqt.helper - INFO - helper 139762779290496 Downloading qtwayland...
2025-10-20 01:20:39,458 - aqt.installer - DEBUG - installer 139762779290496 Download URL: https://download.qt.io/online/qtsdkrepository/linux_x64/desktop/qt6_683/qt6_683/qt.qt6.683.linux_gcc_64/6.8.3-0-202503201345qtwayland-Linux-RHEL_8_10-GCC-Linux-RHEL_8_10-X86_64.7z
2025-10-20 01:20:40,280 - aqt.installer - INFO - installer 139823325858688 Finished installation of qttools-Linux-RHEL_8_10-GCC-Linux-RHEL_8_10-X86_64.7z in 6.24802231
2025-10-20 01:20:40,297 - aqt.helper - DEBUG - helper 139823325858688 Attempt to download checksum at https://download.qt.io/online/qtsdkrepository/linux_x64/desktop/qt6_683/qt6_683/qt.qt6.683.linux_gcc_64/6.8.3-0-202503201345icu-linux-Rhel8.6-x86_64.7z.sha256
2025-10-20 01:20:40,382 - aqt.helper - DEBUG - helper 139762779290496 Asked to redirect(302) to: https://qt.mirror.constant.com/online/qtsdkrepository/linux_x64/desktop/qt6_683/qt6_683/qt.qt6.683.linux_gcc_64/6.8.3-0-202503201345qtwayland-Linux-RHEL_8_10-GCC-Linux-RHEL_8_10-X86_64.7z
2025-10-20 01:20:40,382 - aqt.helper - INFO - helper 139762779290496 Redirected: qt.mirror.constant.com
2025-10-20 01:20:40,548 - aqt.installer - INFO - installer 140512510876544 Finished installation of qtbase-Linux-RHEL_8_10-GCC-Linux-RHEL_8_10-X86_64.7z in 6.52441407
2025-10-20 01:20:41,044 - aqt.helper - INFO - helper 139823325858688 Downloading icu...
2025-10-20 01:20:41,045 - aqt.installer - DEBUG - installer 139823325858688 Download URL: https://download.qt.io/online/qtsdkrepository/linux_x64/desktop/qt6_683/qt6_683/qt.qt6.683.linux_gcc_64/6.8.3-0-202503201345icu-linux-Rhel8.6-x86_64.7z
2025-10-20 01:20:41,229 - aqt.installer - INFO - installer 139762779290496 Finished installation of qtwayland-Linux-RHEL_8_10-GCC-Linux-RHEL_8_10-X86_64.7z in 2.45163202
2025-10-20 01:20:41,786 - aqt.helper - DEBUG - helper 139823325858688 Asked to redirect(302) to: https://qt.mirror.constant.com/online/qtsdkrepository/linux_x64/desktop/qt6_683/qt6_683/qt.qt6.683.linux_gcc_64/6.8.3-0-202503201345icu-linux-Rhel8.6-x86_64.7z
2025-10-20 01:20:41,786 - aqt.helper - INFO - helper 139823325858688 Redirected: qt.mirror.constant.com
2025-10-20 01:20:43,454 - aqt.installer - INFO - installer 139823325858688 Finished installation of icu-linux-Rhel8.6-x86_64.7z in 3.15926437
2025-10-20 01:20:50,832 - aqt.installer - INFO - installer 140106288651136 Finished installation of qtdeclarative-Linux-RHEL_8_10-GCC-Linux-RHEL_8_10-X86_64.7z in 16.80227558
2025-10-20 01:20:50,920 - aqt.updater - INFO - updater 140076371204992 Patching /home/runner/work/FreeCAD/Qt/6.8.3/gcc_64/bin/qmake
2025-10-20 01:20:50,924 - aqt.updater - INFO - updater 140076371204992 Patching /home/runner/work/FreeCAD/Qt/6.8.3/gcc_64/lib/pkgconfig/Qt6Qml.pc
2025-10-20 01:20:50,924 - aqt.updater - INFO - updater 140076371204992 Patching /home/runner/work/FreeCAD/Qt/6.8.3/gcc_64/lib/pkgconfig/Qt6QuickControls2Imagine.pc
2025-10-20 01:20:50,924 - aqt.updater - INFO - updater 140076371204992 Patching /home/runner/work/FreeCAD/Qt/6.8.3/gcc_64/lib/pkgconfig/Qt6QmlWorkerScript.pc
2025-10-20 01:20:50,924 - aqt.updater - INFO - updater 140076371204992 Patching /home/runner/work/FreeCAD/Qt/6.8.3/gcc_64/lib/pkgconfig/Qt6Svg.pc
2025-10-20 01:20:50,925 - aqt.updater - INFO - updater 140076371204992 Patching /home/runner/work/FreeCAD/Qt/6.8.3/gcc_64/lib/pkgconfig/Qt6Designer.pc
2025-10-20 01:20:50,925 - aqt.updater - INFO - updater 140076371204992 Patching /home/runner/work/FreeCAD/Qt/6.8.3/gcc_64/lib/pkgconfig/Qt6QuickControls2ImagineStyleImpl.pc
2025-10-20 01:20:50,925 - aqt.updater - INFO - updater 140076371204992 Patching /home/runner/work/FreeCAD/Qt/6.8.3/gcc_64/lib/pkgconfig/Qt6QuickControls2.pc
2025-10-20 01:20:50,925 - aqt.updater - INFO - updater 140076371204992 Patching /home/runner/work/FreeCAD/Qt/6.8.3/gcc_64/lib/pkgconfig/Qt6LabsSharedImage.pc
2025-10-20 01:20:50,926 - aqt.updater - INFO - updater 140076371204992 Patching /home/runner/work/FreeCAD/Qt/6.8.3/gcc_64/lib/pkgconfig/Qt6QmlMeta.pc
2025-10-20 01:20:50,926 - aqt.updater - INFO - updater 140076371204992 Patching /home/runner/work/FreeCAD/Qt/6.8.3/gcc_64/lib/pkgconfig/Qt6LabsFolderListModel.pc
2025-10-20 01:20:50,926 - aqt.updater - INFO - updater 140076371204992 Patching /home/runner/work/FreeCAD/Qt/6.8.3/gcc_64/lib/pkgconfig/Qt6QuickControls2Material.pc
2025-10-20 01:20:50,926 - aqt.updater - INFO - updater 140076371204992 Patching /home/runner/work/FreeCAD/Qt/6.8.3/gcc_64/lib/pkgconfig/Qt6QmlCore.pc
2025-10-20 01:20:50,926 - aqt.updater - INFO - updater 140076371204992 Patching /home/runner/work/FreeCAD/Qt/6.8.3/gcc_64/lib/pkgconfig/Qt6QmlModels.pc
2025-10-20 01:20:50,927 - aqt.updater - INFO - updater 140076371204992 Patching /home/runner/work/FreeCAD/Qt/6.8.3/gcc_64/lib/pkgconfig/Qt6QuickControls2Impl.pc
2025-10-20 01:20:50,927 - aqt.updater - INFO - updater 140076371204992 Patching /home/runner/work/FreeCAD/Qt/6.8.3/gcc_64/lib/pkgconfig/Qt6Xml.pc
2025-10-20 01:20:50,927 - aqt.updater - INFO - updater 140076371204992 Patching /home/runner/work/FreeCAD/Qt/6.8.3/gcc_64/lib/pkgconfig/Qt6QuickDialogs2Utils.pc
2025-10-20 01:20:50,928 - aqt.updater - INFO - updater 140076371204992 Patching /home/runner/work/FreeCAD/Qt/6.8.3/gcc_64/lib/pkgconfig/Qt6Core.pc
2025-10-20 01:20:50,928 - aqt.updater - INFO - updater 140076371204992 Patching /home/runner/work/FreeCAD/Qt/6.8.3/gcc_64/lib/pkgconfig/Qt6QuickDialogs2QuickImpl.pc
2025-10-20 01:20:50,928 - aqt.updater - INFO - updater 140076371204992 Patching /home/runner/work/FreeCAD/Qt/6.8.3/gcc_64/lib/pkgconfig/Qt6SvgWidgets.pc
2025-10-20 01:20:50,928 - aqt.updater - INFO - updater 140076371204992 Patching /home/runner/work/FreeCAD/Qt/6.8.3/gcc_64/lib/pkgconfig/Qt6QuickDialogs2.pc
2025-10-20 01:20:50,928 - aqt.updater - INFO - updater 140076371204992 Patching /home/runner/work/FreeCAD/Qt/6.8.3/gcc_64/lib/pkgconfig/Qt6QmlAssetDownloader.pc
2025-10-20 01:20:50,929 - aqt.updater - INFO - updater 140076371204992 Patching /home/runner/work/FreeCAD/Qt/6.8.3/gcc_64/lib/pkgconfig/Qt6QuickTest.pc
2025-10-20 01:20:50,929 - aqt.updater - INFO - updater 140076371204992 Patching /home/runner/work/FreeCAD/Qt/6.8.3/gcc_64/lib/pkgconfig/Qt6QuickControls2UniversalStyleImpl.pc
2025-10-20 01:20:50,929 - aqt.updater - INFO - updater 140076371204992 Patching /home/runner/work/FreeCAD/Qt/6.8.3/gcc_64/lib/pkgconfig/Qt6Concurrent.pc
2025-10-20 01:20:50,929 - aqt.updater - INFO - updater 140076371204992 Patching /home/runner/work/FreeCAD/Qt/6.8.3/gcc_64/lib/pkgconfig/Qt6QuickLayouts.pc
2025-10-20 01:20:50,930 - aqt.updater - INFO - updater 140076371204992 Patching /home/runner/work/FreeCAD/Qt/6.8.3/gcc_64/lib/pkgconfig/Qt6QuickControls2Fusion.pc
2025-10-20 01:20:50,930 - aqt.updater - INFO - updater 140076371204992 Patching /home/runner/work/FreeCAD/Qt/6.8.3/gcc_64/lib/pkgconfig/Qt6Widgets.pc
2025-10-20 01:20:50,930 - aqt.updater - INFO - updater 140076371204992 Patching /home/runner/work/FreeCAD/Qt/6.8.3/gcc_64/lib/pkgconfig/Qt6QuickControls2MaterialStyleImpl.pc
2025-10-20 01:20:50,930 - aqt.updater - INFO - updater 140076371204992 Patching /home/runner/work/FreeCAD/Qt/6.8.3/gcc_64/lib/pkgconfig/Qt6Linguist.pc
2025-10-20 01:20:50,931 - aqt.updater - INFO - updater 140076371204992 Patching /home/runner/work/FreeCAD/Qt/6.8.3/gcc_64/lib/pkgconfig/Qt6QuickControls2BasicStyleImpl.pc
2025-10-20 01:20:50,931 - aqt.updater - INFO - updater 140076371204992 Patching /home/runner/work/FreeCAD/Qt/6.8.3/gcc_64/lib/pkgconfig/Qt6QmlNetwork.pc
2025-10-20 01:20:50,931 - aqt.updater - INFO - updater 140076371204992 Patching /home/runner/work/FreeCAD/Qt/6.8.3/gcc_64/lib/pkgconfig/Qt6QuickWidgets.pc
2025-10-20 01:20:50,931 - aqt.updater - INFO - updater 140076371204992 Patching /home/runner/work/FreeCAD/Qt/6.8.3/gcc_64/lib/pkgconfig/Qt6QuickVectorImage.pc
2025-10-20 01:20:50,932 - aqt.updater - INFO - updater 140076371204992 Patching /home/runner/work/FreeCAD/Qt/6.8.3/gcc_64/lib/pkgconfig/Qt6OpenGLWidgets.pc
2025-10-20 01:20:50,932 - aqt.updater - INFO - updater 140076371204992 Patching /home/runner/work/FreeCAD/Qt/6.8.3/gcc_64/lib/pkgconfig/Qt6LabsWavefrontMesh.pc
2025-10-20 01:20:50,932 - aqt.updater - INFO - updater 140076371204992 Patching /home/runner/work/FreeCAD/Qt/6.8.3/gcc_64/lib/pkgconfig/Qt6OpenGL.pc
2025-10-20 01:20:50,932 - aqt.updater - INFO - updater 140076371204992 Patching /home/runner/work/FreeCAD/Qt/6.8.3/gcc_64/lib/pkgconfig/Qt6QuickTemplates2.pc
2025-10-20 01:20:50,933 - aqt.updater - INFO - updater 140076371204992 Patching /home/runner/work/FreeCAD/Qt/6.8.3/gcc_64/lib/pkgconfig/Qt6Test.pc
2025-10-20 01:20:50,933 - aqt.updater - INFO - updater 140076371204992 Patching /home/runner/work/FreeCAD/Qt/6.8.3/gcc_64/lib/pkgconfig/Qt6QuickControls2Basic.pc
2025-10-20 01:20:50,933 - aqt.updater - INFO - updater 140076371204992 Patching /home/runner/work/FreeCAD/Qt/6.8.3/gcc_64/lib/pkgconfig/Qt6QmlLocalStorage.pc
2025-10-20 01:20:50,933 - aqt.updater - INFO - updater 140076371204992 Patching /home/runner/work/FreeCAD/Qt/6.8.3/gcc_64/lib/pkgconfig/Qt6QmlIntegration.pc
2025-10-20 01:20:50,934 - aqt.updater - INFO - updater 140076371204992 Patching /home/runner/work/FreeCAD/Qt/6.8.3/gcc_64/lib/pkgconfig/Qt6QuickControls2FluentWinUI3StyleImpl.pc
2025-10-20 01:20:50,934 - aqt.updater - INFO - updater 140076371204992 Patching /home/runner/work/FreeCAD/Qt/6.8.3/gcc_64/lib/pkgconfig/Qt6QuickControls2FusionStyleImpl.pc
2025-10-20 01:20:50,934 - aqt.updater - INFO - updater 140076371204992 Patching /home/runner/work/FreeCAD/Qt/6.8.3/gcc_64/lib/pkgconfig/Qt6Sql.pc
2025-10-20 01:20:50,934 - aqt.updater - INFO - updater 140076371204992 Patching /home/runner/work/FreeCAD/Qt/6.8.3/gcc_64/lib/pkgconfig/Qt6LabsQmlModels.pc
2025-10-20 01:20:50,935 - aqt.updater - INFO - updater 140076371204992 Patching /home/runner/work/FreeCAD/Qt/6.8.3/gcc_64/lib/pkgconfig/Qt6UiPlugin.pc
2025-10-20 01:20:50,935 - aqt.updater - INFO - updater 140076371204992 Patching /home/runner/work/FreeCAD/Qt/6.8.3/gcc_64/lib/pkgconfig/Qt6QmlCompiler.pc
2025-10-20 01:20:50,935 - aqt.updater - INFO - updater 140076371204992 Patching /home/runner/work/FreeCAD/Qt/6.8.3/gcc_64/lib/pkgconfig/Qt6DBus.pc
2025-10-20 01:20:50,935 - aqt.updater - INFO - updater 140076371204992 Patching /home/runner/work/FreeCAD/Qt/6.8.3/gcc_64/lib/pkgconfig/Qt6LabsAnimation.pc
2025-10-20 01:20:50,936 - aqt.updater - INFO - updater 140076371204992 Patching /home/runner/work/FreeCAD/Qt/6.8.3/gcc_64/lib/pkgconfig/Qt6Gui.pc
2025-10-20 01:20:50,936 - aqt.updater - INFO - updater 140076371204992 Patching /home/runner/work/FreeCAD/Qt/6.8.3/gcc_64/lib/pkgconfig/Qt6Quick.pc
2025-10-20 01:20:50,936 - aqt.updater - INFO - updater 140076371204992 Patching /home/runner/work/FreeCAD/Qt/6.8.3/gcc_64/lib/pkgconfig/Qt6QmlXmlListModel.pc
2025-10-20 01:20:50,936 - aqt.updater - INFO - updater 140076371204992 Patching /home/runner/work/FreeCAD/Qt/6.8.3/gcc_64/lib/pkgconfig/Qt6WaylandClient.pc
2025-10-20 01:20:50,936 - aqt.updater - INFO - updater 140076371204992 Patching /home/runner/work/FreeCAD/Qt/6.8.3/gcc_64/lib/pkgconfig/Qt6Platform.pc
2025-10-20 01:20:50,937 - aqt.updater - INFO - updater 140076371204992 Patching /home/runner/work/FreeCAD/Qt/6.8.3/gcc_64/lib/pkgconfig/Qt6Help.pc
2025-10-20 01:20:50,937 - aqt.updater - INFO - updater 140076371204992 Patching /home/runner/work/FreeCAD/Qt/6.8.3/gcc_64/lib/pkgconfig/Qt6LabsPlatform.pc
2025-10-20 01:20:50,937 - aqt.updater - INFO - updater 140076371204992 Patching /home/runner/work/FreeCAD/Qt/6.8.3/gcc_64/lib/pkgconfig/Qt6PrintSupport.pc
2025-10-20 01:20:50,937 - aqt.updater - INFO - updater 140076371204992 Patching /home/runner/work/FreeCAD/Qt/6.8.3/gcc_64/lib/pkgconfig/Qt6Network.pc
2025-10-20 01:20:50,938 - aqt.updater - INFO - updater 140076371204992 Patching /home/runner/work/FreeCAD/Qt/6.8.3/gcc_64/lib/pkgconfig/Qt6UiTools.pc
2025-10-20 01:20:50,938 - aqt.updater - INFO - updater 140076371204992 Patching /home/runner/work/FreeCAD/Qt/6.8.3/gcc_64/lib/pkgconfig/Qt6LabsSettings.pc
2025-10-20 01:20:50,938 - aqt.updater - INFO - updater 140076371204992 Patching /home/runner/work/FreeCAD/Qt/6.8.3/gcc_64/lib/pkgconfig/Qt6QuickControls2Universal.pc
2025-10-20 01:20:50,939 - aqt.updater - INFO - updater 140076371204992 Patching /home/runner/work/FreeCAD/Qt/6.8.3/gcc_64/lib/libQt6PrintSupport.prl
2025-10-20 01:20:50,939 - aqt.updater - INFO - updater 140076371204992 Patching /home/runner/work/FreeCAD/Qt/6.8.3/gcc_64/lib/libQt6QmlToolingSettings.prl
2025-10-20 01:20:50,940 - aqt.updater - INFO - updater 140076371204992 Patching /home/runner/work/FreeCAD/Qt/6.8.3/gcc_64/lib/libQt6EglFsKmsSupport.prl
2025-10-20 01:20:50,940 - aqt.updater - INFO - updater 140076371204992 Patching /home/runner/work/FreeCAD/Qt/6.8.3/gcc_64/lib/libQt6Quick.prl
2025-10-20 01:20:50,940 - aqt.updater - INFO - updater 140076371204992 Patching /home/runner/work/FreeCAD/Qt/6.8.3/gcc_64/lib/libQt6WlShellIntegration.prl
2025-10-20 01:20:50,940 - aqt.updater - INFO - updater 140076371204992 Patching /home/runner/work/FreeCAD/Qt/6.8.3/gcc_64/lib/libQt6EglFsKmsGbmSupport.prl
2025-10-20 01:20:50,941 - aqt.updater - INFO - updater 140076371204992 Patching /home/runner/work/FreeCAD/Qt/6.8.3/gcc_64/lib/libQt6Widgets.prl
2025-10-20 01:20:50,941 - aqt.updater - INFO - updater 140076371204992 Patching /home/runner/work/FreeCAD/Qt/6.8.3/gcc_64/lib/libQt6QmlLS.prl
2025-10-20 01:20:50,941 - aqt.updater - INFO - updater 140076371204992 Patching /home/runner/work/FreeCAD/Qt/6.8.3/gcc_64/lib/libQt6QuickControls2Impl.prl
2025-10-20 01:20:50,941 - aqt.updater - INFO - updater 140076371204992 Patching /home/runner/work/FreeCAD/Qt/6.8.3/gcc_64/lib/libQt6LabsSharedImage.prl
2025-10-20 01:20:50,942 - aqt.updater - INFO - updater 140076371204992 Patching /home/runner/work/FreeCAD/Qt/6.8.3/gcc_64/lib/libQt6QmlDom.prl
2025-10-20 01:20:50,942 - aqt.updater - INFO - updater 140076371204992 Patching /home/runner/work/FreeCAD/Qt/6.8.3/gcc_64/lib/libQt6LabsWavefrontMesh.prl
2025-10-20 01:20:50,942 - aqt.updater - INFO - updater 140076371204992 Patching /home/runner/work/FreeCAD/Qt/6.8.3/gcc_64/lib/libQt6QuickControls2UniversalStyleImpl.prl
2025-10-20 01:20:50,942 - aqt.updater - INFO - updater 140076371204992 Patching /home/runner/work/FreeCAD/Qt/6.8.3/gcc_64/lib/libQt6QuickControls2Fusion.prl
2025-10-20 01:20:50,943 - aqt.updater - INFO - updater 140076371204992 Patching /home/runner/work/FreeCAD/Qt/6.8.3/gcc_64/lib/libQt6LabsQmlModels.prl
2025-10-20 01:20:50,943 - aqt.updater - INFO - updater 140076371204992 Patching /home/runner/work/FreeCAD/Qt/6.8.3/gcc_64/lib/libQt6FbSupport.prl
2025-10-20 01:20:50,943 - aqt.updater - INFO - updater 140076371204992 Patching /home/runner/work/FreeCAD/Qt/6.8.3/gcc_64/lib/libQt6QuickVectorImage.prl
2025-10-20 01:20:50,943 - aqt.updater - INFO - updater 140076371204992 Patching /home/runner/work/FreeCAD/Qt/6.8.3/gcc_64/lib/libQt6Core.prl
2025-10-20 01:20:50,944 - aqt.updater - INFO - updater 140076371204992 Patching /home/runner/work/FreeCAD/Qt/6.8.3/gcc_64/lib/libQt6DeviceDiscoverySupport.prl
2025-10-20 01:20:50,944 - aqt.updater - INFO - updater 140076371204992 Patching /home/runner/work/FreeCAD/Qt/6.8.3/gcc_64/lib/libQt6Help.prl
2025-10-20 01:20:50,944 - aqt.updater - INFO - updater 140076371204992 Patching /home/runner/work/FreeCAD/Qt/6.8.3/gcc_64/lib/libQt6QmlLocalStorage.prl
2025-10-20 01:20:50,944 - aqt.updater - INFO - updater 140076371204992 Patching /home/runner/work/FreeCAD/Qt/6.8.3/gcc_64/lib/libQt6ExamplesAssetDownloader.prl
2025-10-20 01:20:50,945 - aqt.updater - INFO - updater 140076371204992 Patching /home/runner/work/FreeCAD/Qt/6.8.3/gcc_64/lib/libQt6QuickControls2.prl
2025-10-20 01:20:50,945 - aqt.updater - INFO - updater 140076371204992 Patching /home/runner/work/FreeCAD/Qt/6.8.3/gcc_64/lib/libQt6EglFSDeviceIntegration.prl
2025-10-20 01:20:50,945 - aqt.updater - INFO - updater 140076371204992 Patching /home/runner/work/FreeCAD/Qt/6.8.3/gcc_64/lib/libQt6QmlWorkerScript.prl
2025-10-20 01:20:50,945 - aqt.updater - INFO - updater 140076371204992 Patching /home/runner/work/FreeCAD/Qt/6.8.3/gcc_64/lib/libQt6QuickControls2FusionStyleImpl.prl
2025-10-20 01:20:50,946 - aqt.updater - INFO - updater 140076371204992 Patching /home/runner/work/FreeCAD/Qt/6.8.3/gcc_64/lib/libQt6InputSupport.prl
2025-10-20 01:20:50,946 - aqt.updater - INFO - updater 140076371204992 Patching /home/runner/work/FreeCAD/Qt/6.8.3/gcc_64/lib/libQt6QuickEffects.prl
2025-10-20 01:20:50,946 - aqt.updater - INFO - updater 140076371204992 Patching /home/runner/work/FreeCAD/Qt/6.8.3/gcc_64/lib/libQt6QuickControls2ImagineStyleImpl.prl
2025-10-20 01:20:50,946 - aqt.updater - INFO - updater 140076371204992 Patching /home/runner/work/FreeCAD/Qt/6.8.3/gcc_64/lib/libQt6LabsFolderListModel.prl
2025-10-20 01:20:50,947 - aqt.updater - INFO - updater 140076371204992 Patching /home/runner/work/FreeCAD/Qt/6.8.3/gcc_64/lib/libQt6QuickControls2Imagine.prl
2025-10-20 01:20:50,947 - aqt.updater - INFO - updater 140076371204992 Patching /home/runner/work/FreeCAD/Qt/6.8.3/gcc_64/lib/libQt6ExampleIcons.prl
2025-10-20 01:20:50,947 - aqt.updater - INFO - updater 140076371204992 Patching /home/runner/work/FreeCAD/Qt/6.8.3/gcc_64/lib/libQt6QuickControls2BasicStyleImpl.prl
2025-10-20 01:20:50,947 - aqt.updater - INFO - updater 140076371204992 Patching /home/runner/work/FreeCAD/Qt/6.8.3/gcc_64/lib/libQt6QuickTemplates2.prl
2025-10-20 01:20:50,948 - aqt.updater - INFO - updater 140076371204992 Patching /home/runner/work/FreeCAD/Qt/6.8.3/gcc_64/lib/libQt6QmlDebug.prl
2025-10-20 01:20:50,948 - aqt.updater - INFO - updater 140076371204992 Patching /home/runner/work/FreeCAD/Qt/6.8.3/gcc_64/lib/libQt6QuickControls2MaterialStyleImpl.prl
2025-10-20 01:20:50,948 - aqt.updater - INFO - updater 140076371204992 Patching /home/runner/work/FreeCAD/Qt/6.8.3/gcc_64/lib/libQt6OpenGL.prl
2025-10-20 01:20:50,948 - aqt.updater - INFO - updater 140076371204992 Patching /home/runner/work/FreeCAD/Qt/6.8.3/gcc_64/lib/libQt6QuickDialogs2.prl
2025-10-20 01:20:50,949 - aqt.updater - INFO - updater 140076371204992 Patching /home/runner/work/FreeCAD/Qt/6.8.3/gcc_64/lib/libQt6Qml.prl
2025-10-20 01:20:50,949 - aqt.updater - INFO - updater 140076371204992 Patching /home/runner/work/FreeCAD/Qt/6.8.3/gcc_64/lib/libQt6QmlTypeRegistrar.prl
2025-10-20 01:20:50,949 - aqt.updater - INFO - updater 140076371204992 Patching /home/runner/work/FreeCAD/Qt/6.8.3/gcc_64/lib/libQt6Xml.prl
2025-10-20 01:20:50,949 - aqt.updater - INFO - updater 140076371204992 Patching /home/runner/work/FreeCAD/Qt/6.8.3/gcc_64/lib/libQt6XcbQpa.prl
2025-10-20 01:20:50,949 - aqt.updater - INFO - updater 140076371204992 Patching /home/runner/work/FreeCAD/Qt/6.8.3/gcc_64/lib/libQt6QuickControls2Universal.prl
2025-10-20 01:20:50,950 - aqt.updater - INFO - updater 140076371204992 Patching /home/runner/work/FreeCAD/Qt/6.8.3/gcc_64/lib/libQt6QmlNetwork.prl
2025-10-20 01:20:50,950 - aqt.updater - INFO - updater 140076371204992 Patching /home/runner/work/FreeCAD/Qt/6.8.3/gcc_64/lib/libQt6QmlCompiler.prl
2025-10-20 01:20:50,950 - aqt.updater - INFO - updater 140076371204992 Patching /home/runner/work/FreeCAD/Qt/6.8.3/gcc_64/lib/libQt6QmlAssetDownloader.prl
2025-10-20 01:20:50,950 - aqt.updater - INFO - updater 140076371204992 Patching /home/runner/work/FreeCAD/Qt/6.8.3/gcc_64/lib/libQt6QuickDialogs2Utils.prl
2025-10-20 01:20:50,950 - aqt.updater - INFO - updater 140076371204992 Patching /home/runner/work/FreeCAD/Qt/6.8.3/gcc_64/lib/libQt6LabsAnimation.prl
2025-10-20 01:20:50,951 - aqt.updater - INFO - updater 140076371204992 Patching /home/runner/work/FreeCAD/Qt/6.8.3/gcc_64/lib/libQt6QuickControls2Basic.prl
2025-10-20 01:20:50,951 - aqt.updater - INFO - updater 140076371204992 Patching /home/runner/work/FreeCAD/Qt/6.8.3/gcc_64/lib/libQt6QuickControls2Material.prl
2025-10-20 01:20:50,951 - aqt.updater - INFO - updater 140076371204992 Patching /home/runner/work/FreeCAD/Qt/6.8.3/gcc_64/lib/libQt6DesignerComponents.prl
2025-10-20 01:20:50,951 - aqt.updater - INFO - updater 140076371204992 Patching /home/runner/work/FreeCAD/Qt/6.8.3/gcc_64/lib/libQt6LabsSettings.prl
2025-10-20 01:20:50,951 - aqt.updater - INFO - updater 140076371204992 Patching /home/runner/work/FreeCAD/Qt/6.8.3/gcc_64/lib/libQt6Sql.prl
2025-10-20 01:20:50,952 - aqt.updater - INFO - updater 140076371204992 Patching /home/runner/work/FreeCAD/Qt/6.8.3/gcc_64/lib/libQt6QmlModels.prl
2025-10-20 01:20:50,952 - aqt.updater - INFO - updater 140076371204992 Patching /home/runner/work/FreeCAD/Qt/6.8.3/gcc_64/lib/libQt6SvgWidgets.prl
2025-10-20 01:20:50,952 - aqt.updater - INFO - updater 140076371204992 Patching /home/runner/work/FreeCAD/Qt/6.8.3/gcc_64/lib/libQt6Network.prl
2025-10-20 01:20:50,952 - aqt.updater - INFO - updater 140076371204992 Patching /home/runner/work/FreeCAD/Qt/6.8.3/gcc_64/lib/libQt6LabsPlatform.prl
2025-10-20 01:20:50,953 - aqt.updater - INFO - updater 140076371204992 Patching /home/runner/work/FreeCAD/Qt/6.8.3/gcc_64/lib/libQt6QuickTestUtils.prl
2025-10-20 01:20:50,953 - aqt.updater - INFO - updater 140076371204992 Patching /home/runner/work/FreeCAD/Qt/6.8.3/gcc_64/lib/libQt6QuickControlsTestUtils.prl
2025-10-20 01:20:50,953 - aqt.updater - INFO - updater 140076371204992 Patching /home/runner/work/FreeCAD/Qt/6.8.3/gcc_64/lib/libQt6WaylandEglClientHwIntegration.prl
2025-10-20 01:20:50,953 - aqt.updater - INFO - updater 140076371204992 Patching /home/runner/work/FreeCAD/Qt/6.8.3/gcc_64/lib/libQt6Concurrent.prl
2025-10-20 01:20:50,954 - aqt.updater - INFO - updater 140076371204992 Patching /home/runner/work/FreeCAD/Qt/6.8.3/gcc_64/lib/libQt6QuickWidgets.prl
2025-10-20 01:20:50,954 - aqt.updater - INFO - updater 140076371204992 Patching /home/runner/work/FreeCAD/Qt/6.8.3/gcc_64/lib/libQt6Svg.prl
2025-10-20 01:20:50,954 - aqt.updater - INFO - updater 140076371204992 Patching /home/runner/work/FreeCAD/Qt/6.8.3/gcc_64/lib/libQt6QuickTest.prl
2025-10-20 01:20:50,954 - aqt.updater - INFO - updater 140076371204992 Patching /home/runner/work/FreeCAD/Qt/6.8.3/gcc_64/lib/libQt6Test.prl
2025-10-20 01:20:50,954 - aqt.updater - INFO - updater 140076371204992 Patching /home/runner/work/FreeCAD/Qt/6.8.3/gcc_64/lib/libQt6PacketProtocol.prl
2025-10-20 01:20:50,955 - aqt.updater - INFO - updater 140076371204992 Patching /home/runner/work/FreeCAD/Qt/6.8.3/gcc_64/lib/libQt6OpenGLWidgets.prl
2025-10-20 01:20:50,955 - aqt.updater - INFO - updater 140076371204992 Patching /home/runner/work/FreeCAD/Qt/6.8.3/gcc_64/lib/libQt6QuickParticles.prl
2025-10-20 01:20:50,955 - aqt.updater - INFO - updater 140076371204992 Patching /home/runner/work/FreeCAD/Qt/6.8.3/gcc_64/lib/libQt6Designer.prl
2025-10-20 01:20:50,955 - aqt.updater - INFO - updater 140076371204992 Patching /home/runner/work/FreeCAD/Qt/6.8.3/gcc_64/lib/libQt6DBus.prl
2025-10-20 01:20:50,956 - aqt.updater - INFO - updater 140076371204992 Patching /home/runner/work/FreeCAD/Qt/6.8.3/gcc_64/lib/libQt6QmlMeta.prl
2025-10-20 01:20:50,956 - aqt.updater - INFO - updater 140076371204992 Patching /home/runner/work/FreeCAD/Qt/6.8.3/gcc_64/lib/libQt6UiTools.prl
2025-10-20 01:20:50,956 - aqt.updater - INFO - updater 140076371204992 Patching /home/runner/work/FreeCAD/Qt/6.8.3/gcc_64/lib/libQt6QmlCore.prl
2025-10-20 01:20:50,956 - aqt.updater - INFO - updater 140076371204992 Patching /home/runner/work/FreeCAD/Qt/6.8.3/gcc_64/lib/libQt6WaylandClient.prl
2025-10-20 01:20:50,957 - aqt.updater - INFO - updater 140076371204992 Patching /home/runner/work/FreeCAD/Qt/6.8.3/gcc_64/lib/libQt6KmsSupport.prl
2025-10-20 01:20:50,957 - aqt.updater - INFO - updater 140076371204992 Patching /home/runner/work/FreeCAD/Qt/6.8.3/gcc_64/lib/libQt6QuickDialogs2QuickImpl.prl
2025-10-20 01:20:50,957 - aqt.updater - INFO - updater 140076371204992 Patching /home/runner/work/FreeCAD/Qt/6.8.3/gcc_64/lib/libQt6QuickShapes.prl
2025-10-20 01:20:50,957 - aqt.updater - INFO - updater 140076371204992 Patching /home/runner/work/FreeCAD/Qt/6.8.3/gcc_64/lib/libQt6QuickVectorImageGenerator.prl
2025-10-20 01:20:50,958 - aqt.updater - INFO - updater 140076371204992 Patching /home/runner/work/FreeCAD/Qt/6.8.3/gcc_64/lib/libQt6QmlXmlListModel.prl
2025-10-20 01:20:50,958 - aqt.updater - INFO - updater 140076371204992 Patching /home/runner/work/FreeCAD/Qt/6.8.3/gcc_64/lib/libQt6QuickControls2FluentWinUI3StyleImpl.prl
2025-10-20 01:20:50,958 - aqt.updater - INFO - updater 140076371204992 Patching /home/runner/work/FreeCAD/Qt/6.8.3/gcc_64/lib/libQt6Gui.prl
2025-10-20 01:20:50,958 - aqt.updater - INFO - updater 140076371204992 Patching /home/runner/work/FreeCAD/Qt/6.8.3/gcc_64/lib/libQt6QuickLayouts.prl
2025-10-20 01:20:50,959 - aqt.main - INFO - installer 140076371204992 Finished installation
2025-10-20 01:20:50,959 - aqt.main - INFO - installer 140076371204992 Time elapsed: 22.45905545 second
